<?xml version="1.0" encoding="UTF-8"?>
<TestRun id="e23d3e04-2060-418a-b34e-d48b7af31adc" name="hchadwic@RM202-005909 2015-09-15 12:22:38" runUser="PETERBOROUGH\hchadwic" xmlns="http://microsoft.com/schemas/VisualStudio/TeamTest/2010">
  <TestSettings name="Default Test Settings" id="231afe41-9d87-4437-bc76-f2bb0490721a">
    <Deployment userDeploymentRoot="C:\Development\PatientMonitor\TestResults" useDefaultDeploymentRoot="false" runDeploymentRoot="hchadwic_RM202-005909 2015-09-15 12_22_38">
      <DeploymentItem filename="C:\Development\PatientMonitor\PatientMonitor\bin\Debug\PatientMonitor.exe" />
      <DeploymentItem filename="C:\Development\PatientMonitor\packages\NUnit.2.6.4\lib\nunit.framework.dll" />
      <DeploymentItem filename="C:\Development\PatientMonitor\packages\Moq.4.2.1507.0118\lib\net40\Moq.dll" />
    </Deployment>
    <Execution>
      <TestTypeSpecific />
      <AgentRule name="Execution Agents">
      </AgentRule>
    </Execution>
  </TestSettings>
  <Times creation="2015-09-15T12:22:38.9254087+01:00" queuing="2015-09-15T12:22:39.0164087+01:00" start="2015-09-15T12:22:39.0194087+01:00" finish="2015-09-15T12:22:39.1734087+01:00" />
  <ResultSummary outcome="Completed">
    <Counters total="2" executed="2" passed="2" error="0" failed="0" timeout="0" aborted="0" inconclusive="0" passedButRunAborted="0" notRunnable="0" notExecuted="0" disconnected="0" warning="0" completed="0" inProgress="0" pending="0" />
  </ResultSummary>
  <TestDefinitions>
    <UnitTest name="patientDataCreatedCorrectly" storage="c:\development\patientmonitor\testpatientmonitor\bin\debug\testpatientmonitor.dll" id="ebf625eb-7cab-05e1-0fd4-88e7d418e1e3">
      <Execution id="d01a9375-9f7c-4a3d-a020-edc29cd1f720" />
      <TestMethod codeBase="C:/Development/PatientMonitor/TestPatientMonitor/bin/Debug/TestPatientMonitor.DLL" adapterTypeName="Microsoft.VisualStudio.TestTools.TestTypes.Unit.UnitTestAdapter, Microsoft.VisualStudio.QualityTools.Tips.UnitTest.Adapter, Version=10.0.0.0, Culture=neutral, PublicKeyToken=b03f5f7f11d50a3a" className="PatientMonitorTest.TestPatientData, TestPatientMonitor, Version=1.0.0.0, Culture=neutral, PublicKeyToken=null" name="patientDataCreatedCorrectly" />
    </UnitTest>
    <UnitTest name="patientDataSetCorrectly" storage="c:\development\patientmonitor\testpatientmonitor\bin\debug\testpatientmonitor.dll" id="cb000bdc-c477-d191-833b-22f831a12fb1">
      <Execution id="f2ba156a-08e4-4c40-bbd8-0215e9d50789" />
      <TestMethod codeBase="C:/Development/PatientMonitor/TestPatientMonitor/bin/Debug/TestPatientMonitor.DLL" adapterTypeName="Microsoft.VisualStudio.TestTools.TestTypes.Unit.UnitTestAdapter, Microsoft.VisualStudio.QualityTools.Tips.UnitTest.Adapter, Version=10.0.0.0, Culture=neutral, PublicKeyToken=b03f5f7f11d50a3a" className="PatientMonitorTest.TestPatientData, TestPatientMonitor, Version=1.0.0.0, Culture=neutral, PublicKeyToken=null" name="patientDataSetCorrectly" />
    </UnitTest>
  </TestDefinitions>
  <TestLists>
    <TestList name="Results Not in a List" id="8c84fa94-04c1-424b-9868-57a2d4851a1d" />
    <TestList name="All Loaded Results" id="19431567-8539-422a-85d7-44ee4e166bda" />
  </TestLists>
  <TestEntries>
    <TestEntry testId="cb000bdc-c477-d191-833b-22f831a12fb1" executionId="f2ba156a-08e4-4c40-bbd8-0215e9d50789" testListId="8c84fa94-04c1-424b-9868-57a2d4851a1d" />
    <TestEntry testId="ebf625eb-7cab-05e1-0fd4-88e7d418e1e3" executionId="d01a9375-9f7c-4a3d-a020-edc29cd1f720" testListId="8c84fa94-04c1-424b-9868-57a2d4851a1d" />
  </TestEntries>
  <Results>
    <UnitTestResult executionId="f2ba156a-08e4-4c40-bbd8-0215e9d50789" testId="cb000bdc-c477-d191-833b-22f831a12fb1" testName="patientDataSetCorrectly" computerName="RM202-005909" duration="00:00:00.0077566" startTime="2015-09-15T12:22:39.0204087+01:00" endTime="2015-09-15T12:22:39.1634087+01:00" testType="13cdc9d9-ddb5-4fa4-a97d-d965ccfc6d4b" outcome="Passed" testListId="8c84fa94-04c1-424b-9868-57a2d4851a1d" relativeResultsDirectory="f2ba156a-08e4-4c40-bbd8-0215e9d50789">
    </UnitTestResult>
    <UnitTestResult executionId="d01a9375-9f7c-4a3d-a020-edc29cd1f720" testId="ebf625eb-7cab-05e1-0fd4-88e7d418e1e3" testName="patientDataCreatedCorrectly" computerName="RM202-005909" duration="00:00:00.0001374" startTime="2015-09-15T12:22:39.1644087+01:00" endTime="2015-09-15T12:22:39.1664087+01:00" testType="13cdc9d9-ddb5-4fa4-a97d-d965ccfc6d4b" outcome="Passed" testListId="8c84fa94-04c1-424b-9868-57a2d4851a1d" relativeResultsDirectory="d01a9375-9f7c-4a3d-a020-edc29cd1f720">
    </UnitTestResult>
  </Results>
</TestRun>