<?xml version="1.0" encoding="UTF-8"?>
<TestRun id="329c2b3c-0392-4d95-ac79-14ab09e27e0a" name="hchadwic@RM202-005909 2015-09-15 11:41:39" runUser="PETERBOROUGH\hchadwic" xmlns="http://microsoft.com/schemas/VisualStudio/TeamTest/2010">
  <TestSettings name="Default Test Settings" id="231afe41-9d87-4437-bc76-f2bb0490721a">
    <Deployment userDeploymentRoot="C:\Development\PatientMonitor\TestResults" useDefaultDeploymentRoot="false" runDeploymentRoot="hchadwic_RM202-005909 2015-09-15 11_41_39">
      <DeploymentItem filename="C:\Development\PatientMonitor\PatientMonitor\bin\Debug\PatientMonitor.exe" />
      <DeploymentItem filename="C:\Development\PatientMonitor\packages\NUnit.2.6.4\lib\nunit.framework.dll" />
      <DeploymentItem filename="C:\Development\PatientMonitor\packages\Moq.4.2.1507.0118\lib\net40\Moq.dll" />
    </Deployment>
    <Execution>
      <TestTypeSpecific />
      <AgentRule name="Execution Agents">
      </AgentRule>
    </Execution>
  </TestSettings>
  <Times creation="2015-09-15T11:41:39.1756222+01:00" queuing="2015-09-15T11:41:39.2856145+01:00" start="2015-09-15T11:41:39.2856145+01:00" finish="2015-09-15T11:41:39.5655949+01:00" />
  <ResultSummary outcome="Completed">
    <Counters total="15" executed="15" passed="15" error="0" failed="0" timeout="0" aborted="0" inconclusive="0" passedButRunAborted="0" notRunnable="0" notExecuted="0" disconnected="0" warning="0" completed="0" inProgress="0" pending="0" />
  </ResultSummary>
  <TestDefinitions>
    <UnitTest name="GoodUnconnectedCreation" storage="c:\development\patientmonitor\testpatientmonitor\bin\debug\testpatientmonitor.dll" id="88c17d4a-0b33-1c42-10ef-2f17c34ca311">
      <Execution id="334ed272-0a72-47e0-afa9-382ea05b0e78" />
      <TestMethod codeBase="C:/Development/PatientMonitor/TestPatientMonitor/bin/Debug/TestPatientMonitor.DLL" adapterTypeName="Microsoft.VisualStudio.TestTools.TestTypes.Unit.UnitTestAdapter, Microsoft.VisualStudio.QualityTools.Tips.UnitTest.Adapter, Version=10.0.0.0, Culture=neutral, PublicKeyToken=b03f5f7f11d50a3a" className="PatientMonitorTest.TestPatientDataReader, TestPatientMonitor, Version=1.0.0.0, Culture=neutral, PublicKeyToken=null" name="GoodUnconnectedCreation" />
    </UnitTest>
    <UnitTest name="TemperatureEventWasCalled" storage="c:\development\patientmonitor\testpatientmonitor\bin\debug\testpatientmonitor.dll" id="9b1e7a45-5c43-67c5-ee8c-54d6d42286d7">
      <Execution id="e863bf7e-6c47-41e0-827d-dc90c20cc9be" />
      <TestMethod codeBase="C:/Development/PatientMonitor/TestPatientMonitor/bin/Debug/TestPatientMonitor.DLL" adapterTypeName="Microsoft.VisualStudio.TestTools.TestTypes.Unit.UnitTestAdapter, Microsoft.VisualStudio.QualityTools.Tips.UnitTest.Adapter, Version=10.0.0.0, Culture=neutral, PublicKeyToken=b03f5f7f11d50a3a" className="TestMethodPMS.TestPatientAlarmer, TestPatientMonitor, Version=1.0.0.0, Culture=neutral, PublicKeyToken=null" name="TemperatureEventWasCalled" />
    </UnitTest>
    <UnitTest name="NoEventsCalled" storage="c:\development\patientmonitor\testpatientmonitor\bin\debug\testpatientmonitor.dll" id="9fa2213f-1a7c-0891-71d9-fafe28b7beb5">
      <Execution id="283c3a3f-897e-4b44-b01e-98ec7e59cee3" />
      <TestMethod codeBase="C:/Development/PatientMonitor/TestPatientMonitor/bin/Debug/TestPatientMonitor.DLL" adapterTypeName="Microsoft.VisualStudio.TestTools.TestTypes.Unit.UnitTestAdapter, Microsoft.VisualStudio.QualityTools.Tips.UnitTest.Adapter, Version=10.0.0.0, Culture=neutral, PublicKeyToken=b03f5f7f11d50a3a" className="TestMethodPMS.TestPatientAlarmer, TestPatientMonitor, Version=1.0.0.0, Culture=neutral, PublicKeyToken=null" name="NoEventsCalled" />
    </UnitTest>
    <UnitTest name="patientDataCreatedCorrectly" storage="c:\development\patientmonitor\testpatientmonitor\bin\debug\testpatientmonitor.dll" id="ebf625eb-7cab-05e1-0fd4-88e7d418e1e3">
      <Execution id="62a35b06-12e3-48f9-8274-626ac34e0810" />
      <TestMethod codeBase="C:/Development/PatientMonitor/TestPatientMonitor/bin/Debug/TestPatientMonitor.DLL" adapterTypeName="Microsoft.VisualStudio.TestTools.TestTypes.Unit.UnitTestAdapter, Microsoft.VisualStudio.QualityTools.Tips.UnitTest.Adapter, Version=10.0.0.0, Culture=neutral, PublicKeyToken=b03f5f7f11d50a3a" className="PatientMonitorTest.TestPatientData, TestPatientMonitor, Version=1.0.0.0, Culture=neutral, PublicKeyToken=null" name="patientDataCreatedCorrectly" />
    </UnitTest>
    <UnitTest name="GoodCreation" storage="c:\development\patientmonitor\testpatientmonitor\bin\debug\testpatientmonitor.dll" id="57444592-0eac-a26b-2f64-d9616e259025">
      <Execution id="217d8195-7967-4520-b561-0cc0a1d930cc" />
      <TestMethod codeBase="C:/Development/PatientMonitor/TestPatientMonitor/bin/Debug/TestPatientMonitor.DLL" adapterTypeName="Microsoft.VisualStudio.TestTools.TestTypes.Unit.UnitTestAdapter, Microsoft.VisualStudio.QualityTools.Tips.UnitTest.Adapter, Version=10.0.0.0, Culture=neutral, PublicKeyToken=b03f5f7f11d50a3a" className="PatientMonitorTest.TestPatientDataReader, TestPatientMonitor, Version=1.0.0.0, Culture=neutral, PublicKeyToken=null" name="GoodCreation" />
    </UnitTest>
    <UnitTest name="pulseRateRateEventWasCalled" storage="c:\development\patientmonitor\testpatientmonitor\bin\debug\testpatientmonitor.dll" id="67b263d0-3e19-2161-4c93-3cdeada2d56e">
      <Execution id="14ea1076-0db1-4a66-ab0e-fed5980455ef" />
      <TestMethod codeBase="C:/Development/PatientMonitor/TestPatientMonitor/bin/Debug/TestPatientMonitor.DLL" adapterTypeName="Microsoft.VisualStudio.TestTools.TestTypes.Unit.UnitTestAdapter, Microsoft.VisualStudio.QualityTools.Tips.UnitTest.Adapter, Version=10.0.0.0, Culture=neutral, PublicKeyToken=b03f5f7f11d50a3a" className="TestMethodPMS.TestPatientAlarmer, TestPatientMonitor, Version=1.0.0.0, Culture=neutral, PublicKeyToken=null" name="pulseRateRateEventWasCalled" />
    </UnitTest>
    <UnitTest name="alarmTesterGoodCreation" storage="c:\development\patientmonitor\testpatientmonitor\bin\debug\testpatientmonitor.dll" id="c45731a3-2b6a-f241-8df9-b4b2e356ae35">
      <Execution id="ac1a8043-6bf4-4ab9-b214-177acd81e3f4" />
      <TestMethod codeBase="C:/Development/PatientMonitor/TestPatientMonitor/bin/Debug/TestPatientMonitor.DLL" adapterTypeName="Microsoft.VisualStudio.TestTools.TestTypes.Unit.UnitTestAdapter, Microsoft.VisualStudio.QualityTools.Tips.UnitTest.Adapter, Version=10.0.0.0, Culture=neutral, PublicKeyToken=b03f5f7f11d50a3a" className="PatientMonitorTest.TestAlarmTester, TestPatientMonitor, Version=1.0.0.0, Culture=neutral, PublicKeyToken=null" name="alarmTesterGoodCreation" />
    </UnitTest>
    <UnitTest name="alarmInLimits" storage="c:\development\patientmonitor\testpatientmonitor\bin\debug\testpatientmonitor.dll" id="72d3863b-9205-0883-93f3-14a9e3c98a55">
      <Execution id="1b928fe5-113d-429d-bea2-b5fbd0ae16c1" />
      <TestMethod codeBase="C:/Development/PatientMonitor/TestPatientMonitor/bin/Debug/TestPatientMonitor.DLL" adapterTypeName="Microsoft.VisualStudio.TestTools.TestTypes.Unit.UnitTestAdapter, Microsoft.VisualStudio.QualityTools.Tips.UnitTest.Adapter, Version=10.0.0.0, Culture=neutral, PublicKeyToken=b03f5f7f11d50a3a" className="PatientMonitorTest.TestAlarmTester, TestPatientMonitor, Version=1.0.0.0, Culture=neutral, PublicKeyToken=null" name="alarmInLimits" />
    </UnitTest>
    <UnitTest name="BadFileName" storage="c:\development\patientmonitor\testpatientmonitor\bin\debug\testpatientmonitor.dll" id="b56e6885-fa6f-2463-78db-28dc70da0b21">
      <Execution id="a6d24c99-8f5a-49d1-ad32-ca511c869c12" />
      <TestMethod codeBase="C:/Development/PatientMonitor/TestPatientMonitor/bin/Debug/TestPatientMonitor.DLL" adapterTypeName="Microsoft.VisualStudio.TestTools.TestTypes.Unit.UnitTestAdapter, Microsoft.VisualStudio.QualityTools.Tips.UnitTest.Adapter, Version=10.0.0.0, Culture=neutral, PublicKeyToken=b03f5f7f11d50a3a" className="PatientMonitorTest.TestPatientDataReader, TestPatientMonitor, Version=1.0.0.0, Culture=neutral, PublicKeyToken=null" name="BadFileName" />
    </UnitTest>
    <UnitTest name="BadUnconnectedFileName" storage="c:\development\patientmonitor\testpatientmonitor\bin\debug\testpatientmonitor.dll" id="5046feed-f315-e681-144c-87cbb60941a8">
      <Execution id="85ea4884-c724-464b-a6b1-90de772c8520" />
      <TestMethod codeBase="C:/Development/PatientMonitor/TestPatientMonitor/bin/Debug/TestPatientMonitor.DLL" adapterTypeName="Microsoft.VisualStudio.TestTools.TestTypes.Unit.UnitTestAdapter, Microsoft.VisualStudio.QualityTools.Tips.UnitTest.Adapter, Version=10.0.0.0, Culture=neutral, PublicKeyToken=b03f5f7f11d50a3a" className="PatientMonitorTest.TestPatientDataReader, TestPatientMonitor, Version=1.0.0.0, Culture=neutral, PublicKeyToken=null" name="BadUnconnectedFileName" />
    </UnitTest>
    <UnitTest name="patientDataSetCorrectly" storage="c:\development\patientmonitor\testpatientmonitor\bin\debug\testpatientmonitor.dll" id="cb000bdc-c477-d191-833b-22f831a12fb1">
      <Execution id="6b154608-b528-459b-8419-ce3d7627f739" />
      <TestMethod codeBase="C:/Development/PatientMonitor/TestPatientMonitor/bin/Debug/TestPatientMonitor.DLL" adapterTypeName="Microsoft.VisualStudio.TestTools.TestTypes.Unit.UnitTestAdapter, Microsoft.VisualStudio.QualityTools.Tips.UnitTest.Adapter, Version=10.0.0.0, Culture=neutral, PublicKeyToken=b03f5f7f11d50a3a" className="PatientMonitorTest.TestPatientData, TestPatientMonitor, Version=1.0.0.0, Culture=neutral, PublicKeyToken=null" name="patientDataSetCorrectly" />
    </UnitTest>
    <UnitTest name="breathingRateEventWasCalled" storage="c:\development\patientmonitor\testpatientmonitor\bin\debug\testpatientmonitor.dll" id="0da15e40-4714-ec34-2249-e3c631cbd429">
      <Execution id="3b3b91cd-18b0-4f63-9881-86f1b8b23f8f" />
      <TestMethod codeBase="C:/Development/PatientMonitor/TestPatientMonitor/bin/Debug/TestPatientMonitor.DLL" adapterTypeName="Microsoft.VisualStudio.TestTools.TestTypes.Unit.UnitTestAdapter, Microsoft.VisualStudio.QualityTools.Tips.UnitTest.Adapter, Version=10.0.0.0, Culture=neutral, PublicKeyToken=b03f5f7f11d50a3a" className="TestMethodPMS.TestPatientAlarmer, TestPatientMonitor, Version=1.0.0.0, Culture=neutral, PublicKeyToken=null" name="breathingRateEventWasCalled" />
    </UnitTest>
    <UnitTest name="SystolicBloodPressureAlarmEventWasCalled" storage="c:\development\patientmonitor\testpatientmonitor\bin\debug\testpatientmonitor.dll" id="04d3d40f-7d4b-3f65-303b-71bfd1df0636">
      <Execution id="d9e9e4d0-a830-4111-93e6-732d98b0d576" />
      <TestMethod codeBase="C:/Development/PatientMonitor/TestPatientMonitor/bin/Debug/TestPatientMonitor.DLL" adapterTypeName="Microsoft.VisualStudio.TestTools.TestTypes.Unit.UnitTestAdapter, Microsoft.VisualStudio.QualityTools.Tips.UnitTest.Adapter, Version=10.0.0.0, Culture=neutral, PublicKeyToken=b03f5f7f11d50a3a" className="TestMethodPMS.TestPatientAlarmer, TestPatientMonitor, Version=1.0.0.0, Culture=neutral, PublicKeyToken=null" name="SystolicBloodPressureAlarmEventWasCalled" />
    </UnitTest>
    <UnitTest name="OutsideLimits" storage="c:\development\patientmonitor\testpatientmonitor\bin\debug\testpatientmonitor.dll" id="0ab21f97-c05a-1f4d-9da4-ab34763e4aec">
      <Execution id="0aa9118b-d9b8-4311-8c9e-fbe07e2dd547" />
      <TestMethod codeBase="C:/Development/PatientMonitor/TestPatientMonitor/bin/Debug/TestPatientMonitor.DLL" adapterTypeName="Microsoft.VisualStudio.TestTools.TestTypes.Unit.UnitTestAdapter, Microsoft.VisualStudio.QualityTools.Tips.UnitTest.Adapter, Version=10.0.0.0, Culture=neutral, PublicKeyToken=b03f5f7f11d50a3a" className="PatientMonitorTest.TestAlarmTester, TestPatientMonitor, Version=1.0.0.0, Culture=neutral, PublicKeyToken=null" name="OutsideLimits" />
    </UnitTest>
    <UnitTest name="DiastolicBloodPressureEventWasCalled" storage="c:\development\patientmonitor\testpatientmonitor\bin\debug\testpatientmonitor.dll" id="1de0e9f8-f382-bc13-9c63-8b1a79800b59">
      <Execution id="9946e89c-1fc8-4da3-b9fd-028b45d9b09a" />
      <TestMethod codeBase="C:/Development/PatientMonitor/TestPatientMonitor/bin/Debug/TestPatientMonitor.DLL" adapterTypeName="Microsoft.VisualStudio.TestTools.TestTypes.Unit.UnitTestAdapter, Microsoft.VisualStudio.QualityTools.Tips.UnitTest.Adapter, Version=10.0.0.0, Culture=neutral, PublicKeyToken=b03f5f7f11d50a3a" className="TestMethodPMS.TestPatientAlarmer, TestPatientMonitor, Version=1.0.0.0, Culture=neutral, PublicKeyToken=null" name="DiastolicBloodPressureEventWasCalled" />
    </UnitTest>
  </TestDefinitions>
  <TestLists>
    <TestList name="Results Not in a List" id="8c84fa94-04c1-424b-9868-57a2d4851a1d" />
    <TestList name="All Loaded Results" id="19431567-8539-422a-85d7-44ee4e166bda" />
  </TestLists>
  <TestEntries>
    <TestEntry testId="04d3d40f-7d4b-3f65-303b-71bfd1df0636" executionId="d9e9e4d0-a830-4111-93e6-732d98b0d576" testListId="8c84fa94-04c1-424b-9868-57a2d4851a1d" />
    <TestEntry testId="0ab21f97-c05a-1f4d-9da4-ab34763e4aec" executionId="0aa9118b-d9b8-4311-8c9e-fbe07e2dd547" testListId="8c84fa94-04c1-424b-9868-57a2d4851a1d" />
    <TestEntry testId="0da15e40-4714-ec34-2249-e3c631cbd429" executionId="3b3b91cd-18b0-4f63-9881-86f1b8b23f8f" testListId="8c84fa94-04c1-424b-9868-57a2d4851a1d" />
    <TestEntry testId="1de0e9f8-f382-bc13-9c63-8b1a79800b59" executionId="9946e89c-1fc8-4da3-b9fd-028b45d9b09a" testListId="8c84fa94-04c1-424b-9868-57a2d4851a1d" />
    <TestEntry testId="5046feed-f315-e681-144c-87cbb60941a8" executionId="85ea4884-c724-464b-a6b1-90de772c8520" testListId="8c84fa94-04c1-424b-9868-57a2d4851a1d" />
    <TestEntry testId="57444592-0eac-a26b-2f64-d9616e259025" executionId="217d8195-7967-4520-b561-0cc0a1d930cc" testListId="8c84fa94-04c1-424b-9868-57a2d4851a1d" />
    <TestEntry testId="67b263d0-3e19-2161-4c93-3cdeada2d56e" executionId="14ea1076-0db1-4a66-ab0e-fed5980455ef" testListId="8c84fa94-04c1-424b-9868-57a2d4851a1d" />
    <TestEntry testId="72d3863b-9205-0883-93f3-14a9e3c98a55" executionId="1b928fe5-113d-429d-bea2-b5fbd0ae16c1" testListId="8c84fa94-04c1-424b-9868-57a2d4851a1d" />
    <TestEntry testId="88c17d4a-0b33-1c42-10ef-2f17c34ca311" executionId="334ed272-0a72-47e0-afa9-382ea05b0e78" testListId="8c84fa94-04c1-424b-9868-57a2d4851a1d" />
    <TestEntry testId="9b1e7a45-5c43-67c5-ee8c-54d6d42286d7" executionId="e863bf7e-6c47-41e0-827d-dc90c20cc9be" testListId="8c84fa94-04c1-424b-9868-57a2d4851a1d" />
    <TestEntry testId="9fa2213f-1a7c-0891-71d9-fafe28b7beb5" executionId="283c3a3f-897e-4b44-b01e-98ec7e59cee3" testListId="8c84fa94-04c1-424b-9868-57a2d4851a1d" />
    <TestEntry testId="b56e6885-fa6f-2463-78db-28dc70da0b21" executionId="a6d24c99-8f5a-49d1-ad32-ca511c869c12" testListId="8c84fa94-04c1-424b-9868-57a2d4851a1d" />
    <TestEntry testId="c45731a3-2b6a-f241-8df9-b4b2e356ae35" executionId="ac1a8043-6bf4-4ab9-b214-177acd81e3f4" testListId="8c84fa94-04c1-424b-9868-57a2d4851a1d" />
    <TestEntry testId="cb000bdc-c477-d191-833b-22f831a12fb1" executionId="6b154608-b528-459b-8419-ce3d7627f739" testListId="8c84fa94-04c1-424b-9868-57a2d4851a1d" />
    <TestEntry testId="ebf625eb-7cab-05e1-0fd4-88e7d418e1e3" executionId="62a35b06-12e3-48f9-8274-626ac34e0810" testListId="8c84fa94-04c1-424b-9868-57a2d4851a1d" />
  </TestEntries>
  <Results>
    <UnitTestResult executionId="d9e9e4d0-a830-4111-93e6-732d98b0d576" testId="04d3d40f-7d4b-3f65-303b-71bfd1df0636" testName="SystolicBloodPressureAlarmEventWasCalled" computerName="RM202-005909" duration="00:00:00.1010614" startTime="2015-09-15T11:41:39.2856145+01:00" endTime="2015-09-15T11:41:39.5255977+01:00" testType="13cdc9d9-ddb5-4fa4-a97d-d965ccfc6d4b" outcome="Passed" testListId="8c84fa94-04c1-424b-9868-57a2d4851a1d" relativeResultsDirectory="d9e9e4d0-a830-4111-93e6-732d98b0d576">
    </UnitTestResult>
    <UnitTestResult executionId="0aa9118b-d9b8-4311-8c9e-fbe07e2dd547" testId="0ab21f97-c05a-1f4d-9da4-ab34763e4aec" testName="OutsideLimits" computerName="RM202-005909" duration="00:00:00.0001761" startTime="2015-09-15T11:41:39.5255977+01:00" endTime="2015-09-15T11:41:39.5255977+01:00" testType="13cdc9d9-ddb5-4fa4-a97d-d965ccfc6d4b" outcome="Passed" testListId="8c84fa94-04c1-424b-9868-57a2d4851a1d" relativeResultsDirectory="0aa9118b-d9b8-4311-8c9e-fbe07e2dd547">
    </UnitTestResult>
    <UnitTestResult executionId="3b3b91cd-18b0-4f63-9881-86f1b8b23f8f" testId="0da15e40-4714-ec34-2249-e3c631cbd429" testName="breathingRateEventWasCalled" computerName="RM202-005909" duration="00:00:00.0015195" startTime="2015-09-15T11:41:39.5255977+01:00" endTime="2015-09-15T11:41:39.5355970+01:00" testType="13cdc9d9-ddb5-4fa4-a97d-d965ccfc6d4b" outcome="Passed" testListId="8c84fa94-04c1-424b-9868-57a2d4851a1d" relativeResultsDirectory="3b3b91cd-18b0-4f63-9881-86f1b8b23f8f">
    </UnitTestResult>
    <UnitTestResult executionId="9946e89c-1fc8-4da3-b9fd-028b45d9b09a" testId="1de0e9f8-f382-bc13-9c63-8b1a79800b59" testName="DiastolicBloodPressureEventWasCalled" computerName="RM202-005909" duration="00:00:00.0012552" startTime="2015-09-15T11:41:39.5355970+01:00" endTime="2015-09-15T11:41:39.5355970+01:00" testType="13cdc9d9-ddb5-4fa4-a97d-d965ccfc6d4b" outcome="Passed" testListId="8c84fa94-04c1-424b-9868-57a2d4851a1d" relativeResultsDirectory="9946e89c-1fc8-4da3-b9fd-028b45d9b09a">
    </UnitTestResult>
    <UnitTestResult executionId="85ea4884-c724-464b-a6b1-90de772c8520" testId="5046feed-f315-e681-144c-87cbb60941a8" testName="BadUnconnectedFileName" computerName="RM202-005909" duration="00:00:00.0014631" startTime="2015-09-15T11:41:39.5355970+01:00" endTime="2015-09-15T11:41:39.5355970+01:00" testType="13cdc9d9-ddb5-4fa4-a97d-d965ccfc6d4b" outcome="Passed" testListId="8c84fa94-04c1-424b-9868-57a2d4851a1d" relativeResultsDirectory="85ea4884-c724-464b-a6b1-90de772c8520">
    </UnitTestResult>
    <UnitTestResult executionId="217d8195-7967-4520-b561-0cc0a1d930cc" testId="57444592-0eac-a26b-2f64-d9616e259025" testName="GoodCreation" computerName="RM202-005909" duration="00:00:00.0003657" startTime="2015-09-15T11:41:39.5355970+01:00" endTime="2015-09-15T11:41:39.5355970+01:00" testType="13cdc9d9-ddb5-4fa4-a97d-d965ccfc6d4b" outcome="Passed" testListId="8c84fa94-04c1-424b-9868-57a2d4851a1d" relativeResultsDirectory="217d8195-7967-4520-b561-0cc0a1d930cc">
    </UnitTestResult>
    <UnitTestResult executionId="14ea1076-0db1-4a66-ab0e-fed5980455ef" testId="67b263d0-3e19-2161-4c93-3cdeada2d56e" testName="pulseRateRateEventWasCalled" computerName="RM202-005909" duration="00:00:00.0013351" startTime="2015-09-15T11:41:39.5455963+01:00" endTime="2015-09-15T11:41:39.5455963+01:00" testType="13cdc9d9-ddb5-4fa4-a97d-d965ccfc6d4b" outcome="Passed" testListId="8c84fa94-04c1-424b-9868-57a2d4851a1d" relativeResultsDirectory="14ea1076-0db1-4a66-ab0e-fed5980455ef">
    </UnitTestResult>
    <UnitTestResult executionId="1b928fe5-113d-429d-bea2-b5fbd0ae16c1" testId="72d3863b-9205-0883-93f3-14a9e3c98a55" testName="alarmInLimits" computerName="RM202-005909" duration="00:00:00.0000960" startTime="2015-09-15T11:41:39.5455963+01:00" endTime="2015-09-15T11:41:39.5455963+01:00" testType="13cdc9d9-ddb5-4fa4-a97d-d965ccfc6d4b" outcome="Passed" testListId="8c84fa94-04c1-424b-9868-57a2d4851a1d" relativeResultsDirectory="1b928fe5-113d-429d-bea2-b5fbd0ae16c1">
    </UnitTestResult>
    <UnitTestResult executionId="334ed272-0a72-47e0-afa9-382ea05b0e78" testId="88c17d4a-0b33-1c42-10ef-2f17c34ca311" testName="GoodUnconnectedCreation" computerName="RM202-005909" duration="00:00:00.0002326" startTime="2015-09-15T11:41:39.5455963+01:00" endTime="2015-09-15T11:41:39.5455963+01:00" testType="13cdc9d9-ddb5-4fa4-a97d-d965ccfc6d4b" outcome="Passed" testListId="8c84fa94-04c1-424b-9868-57a2d4851a1d" relativeResultsDirectory="334ed272-0a72-47e0-afa9-382ea05b0e78">
    </UnitTestResult>
    <UnitTestResult executionId="e863bf7e-6c47-41e0-827d-dc90c20cc9be" testId="9b1e7a45-5c43-67c5-ee8c-54d6d42286d7" testName="TemperatureEventWasCalled" computerName="RM202-005909" duration="00:00:00.0013151" startTime="2015-09-15T11:41:39.5455963+01:00" endTime="2015-09-15T11:41:39.5455963+01:00" testType="13cdc9d9-ddb5-4fa4-a97d-d965ccfc6d4b" outcome="Passed" testListId="8c84fa94-04c1-424b-9868-57a2d4851a1d" relativeResultsDirectory="e863bf7e-6c47-41e0-827d-dc90c20cc9be">
    </UnitTestResult>
    <UnitTestResult executionId="283c3a3f-897e-4b44-b01e-98ec7e59cee3" testId="9fa2213f-1a7c-0891-71d9-fafe28b7beb5" testName="NoEventsCalled" computerName="RM202-005909" duration="00:00:00.0012512" startTime="2015-09-15T11:41:39.5455963+01:00" endTime="2015-09-15T11:41:39.5555956+01:00" testType="13cdc9d9-ddb5-4fa4-a97d-d965ccfc6d4b" outcome="Passed" testListId="8c84fa94-04c1-424b-9868-57a2d4851a1d" relativeResultsDirectory="283c3a3f-897e-4b44-b01e-98ec7e59cee3">
    </UnitTestResult>
    <UnitTestResult executionId="a6d24c99-8f5a-49d1-ad32-ca511c869c12" testId="b56e6885-fa6f-2463-78db-28dc70da0b21" testName="BadFileName" computerName="RM202-005909" duration="00:00:00.0003227" startTime="2015-09-15T11:41:39.5555956+01:00" endTime="2015-09-15T11:41:39.5555956+01:00" testType="13cdc9d9-ddb5-4fa4-a97d-d965ccfc6d4b" outcome="Passed" testListId="8c84fa94-04c1-424b-9868-57a2d4851a1d" relativeResultsDirectory="a6d24c99-8f5a-49d1-ad32-ca511c869c12">
    </UnitTestResult>
    <UnitTestResult executionId="ac1a8043-6bf4-4ab9-b214-177acd81e3f4" testId="c45731a3-2b6a-f241-8df9-b4b2e356ae35" testName="alarmTesterGoodCreation" computerName="RM202-005909" duration="00:00:00.0001508" startTime="2015-09-15T11:41:39.5555956+01:00" endTime="2015-09-15T11:41:39.5555956+01:00" testType="13cdc9d9-ddb5-4fa4-a97d-d965ccfc6d4b" outcome="Passed" testListId="8c84fa94-04c1-424b-9868-57a2d4851a1d" relativeResultsDirectory="ac1a8043-6bf4-4ab9-b214-177acd81e3f4">
    </UnitTestResult>
    <UnitTestResult executionId="6b154608-b528-459b-8419-ce3d7627f739" testId="cb000bdc-c477-d191-833b-22f831a12fb1" testName="patientDataSetCorrectly" computerName="RM202-005909" duration="00:00:00.0006907" startTime="2015-09-15T11:41:39.5555956+01:00" endTime="2015-09-15T11:41:39.5555956+01:00" testType="13cdc9d9-ddb5-4fa4-a97d-d965ccfc6d4b" outcome="Passed" testListId="8c84fa94-04c1-424b-9868-57a2d4851a1d" relativeResultsDirectory="6b154608-b528-459b-8419-ce3d7627f739">
    </UnitTestResult>
    <UnitTestResult executionId="62a35b06-12e3-48f9-8274-626ac34e0810" testId="ebf625eb-7cab-05e1-0fd4-88e7d418e1e3" testName="patientDataCreatedCorrectly" computerName="RM202-005909" duration="00:00:00.0001194" startTime="2015-09-15T11:41:39.5555956+01:00" endTime="2015-09-15T11:41:39.5555956+01:00" testType="13cdc9d9-ddb5-4fa4-a97d-d965ccfc6d4b" outcome="Passed" testListId="8c84fa94-04c1-424b-9868-57a2d4851a1d" relativeResultsDirectory="62a35b06-12e3-48f9-8274-626ac34e0810">
    </UnitTestResult>
  </Results>
</TestRun>